2021-04-19 21:57:27.965  INFO 15004 --- [main] lavalink.server.Launcher                 : 

[32m       .  [31m _                  _ _       _    [32m__ _ _
[32m      /\\ [31m| | __ ___   ____ _| (_)_ __ | | __[32m\ \ \ \
[32m     ( ( )[31m| |/ _` \ \ / / _` | | | '_ \| |/ /[32m \ \ \ \
[32m      \\/ [31m| | (_| |\ V / (_| | | | | | |   < [32m  ) ) ) )
[32m       '  [31m|_|\__,_| \_/ \__,_|_|_|_| |_|_|\_\[32m / / / /
[0m    =========================================[32m/_/_/_/[0m

	Version:        3.3.2.5
	Build:          1222
	Build time:     11.04.2021 08:07:27 UTC
	Branch          master
	Commit:         7b914f2
	Commit time:    09.04.2021 17:14:27 UTC
	JVM:            16
	Lavaplayer      1.3.76

2021-04-19 21:57:28.035  INFO 15004 --- [main] lavalink.server.Launcher                 : Starting Launcher on karakosp with PID 15004 (C:\Users\karakosp\Desktop\TestProjects\Discord.NET-BotCraft\Discord.NET-BOT\Botcraft\Utilities\Lavalink\Lavalink.jar started by karakosp in C:\Users\karakosp\Desktop\TestProjects\Discord.NET-BotCraft\Discord.NET-BOT\Botcraft\Utilities\Lavalink)
2021-04-19 21:57:28.036  INFO 15004 --- [main] lavalink.server.Launcher                 : No active profile set, falling back to default profiles: default
2021-04-19 21:57:28.135  WARN 15004 --- [background-preinit] o.s.h.c.j.Jackson2ObjectMapperBuilder    : For Jackson Kotlin classes support please add "com.fasterxml.jackson.module:jackson-module-kotlin" to the classpath
2021-04-19 21:57:29.210  WARN 15004 --- [main] io.undertow.websockets.jsr               : UT026010: Buffer pool was not set on WebSocketDeploymentInfo, the default pool will be used
2021-04-19 21:57:29.235  INFO 15004 --- [main] io.undertow.servlet                      : Initializing Spring embedded WebApplicationContext
2021-04-19 21:57:29.236  INFO 15004 --- [main] o.s.web.context.ContextLoader            : Root WebApplicationContext: initialization completed in 1155 ms
2021-04-19 21:57:29.642  WARN 15004 --- [main] l.server.config.SentryConfiguration      : Turning off sentry
2021-04-19 21:57:29.937  INFO 15004 --- [main] c.s.d.l.tools.GarbageCollectionMonitor   : GC monitoring enabled, reporting results every 2 minutes.
2021-04-19 21:57:30.201  INFO 15004 --- [main] lavalink.server.config.KoeConfiguration  : OS: Windows 10, Arch: amd64
2021-04-19 21:57:30.202  WARN 15004 --- [main] lavalink.server.config.KoeConfiguration  : This system and architecture appears to not support native audio sending! GC pauses may cause your bot to stutter during playback.
2021-04-19 21:57:30.513  INFO 15004 --- [main] o.s.s.concurrent.ThreadPoolTaskExecutor  : Initializing ExecutorService 'applicationTaskExecutor'
2021-04-19 21:57:30.880  INFO 15004 --- [main] org.xnio                                 : XNIO version 3.3.8.Final
2021-04-19 21:57:30.894  INFO 15004 --- [main] org.xnio.nio                             : XNIO NIO Implementation Version 3.3.8.Final
2021-04-19 21:57:30.976  INFO 15004 --- [main] o.s.b.w.e.u.UndertowServletWebServer     : Undertow started on port(s) 6666 (http) with context path ''
2021-04-19 21:57:30.982  INFO 15004 --- [main] lavalink.server.Launcher                 : Started Launcher in 3.4 seconds (JVM running for 3.74)
2021-04-19 21:57:30.986  INFO 15004 --- [main] lavalink.server.Launcher                 : You can safely ignore the big red warning about illegal reflection. See https://github.com/Frederikam/Lavalink/issues/295
2021-04-19 22:44:58.814  INFO 23920 --- [main] lavalink.server.Launcher                 : 

[32m       .  [31m _                  _ _       _    [32m__ _ _
[32m      /\\ [31m| | __ ___   ____ _| (_)_ __ | | __[32m\ \ \ \
[32m     ( ( )[31m| |/ _` \ \ / / _` | | | '_ \| |/ /[32m \ \ \ \
[32m      \\/ [31m| | (_| |\ V / (_| | | | | | |   < [32m  ) ) ) )
[32m       '  [31m|_|\__,_| \_/ \__,_|_|_|_| |_|_|\_\[32m / / / /
[0m    =========================================[32m/_/_/_/[0m

	Version:        3.3.2.5
	Build:          1222
	Build time:     11.04.2021 08:07:27 UTC
	Branch          master
	Commit:         7b914f2
	Commit time:    09.04.2021 17:14:27 UTC
	JVM:            16
	Lavaplayer      1.3.76

2021-04-19 22:44:58.924  INFO 23920 --- [main] lavalink.server.Launcher                 : Starting Launcher on karakosp with PID 23920 (C:\Users\karakosp\Desktop\TestProjects\Discord.NET-BotCraft\Discord.NET-BOT\Botcraft\Utilities\Lavalink\Lavalink.jar started by karakosp in C:\Users\karakosp\Desktop\TestProjects\Discord.NET-BotCraft\Discord.NET-BOT\Botcraft\Utilities\Lavalink)
2021-04-19 22:44:58.925  INFO 23920 --- [main] lavalink.server.Launcher                 : No active profile set, falling back to default profiles: default
2021-04-19 22:44:59.043  WARN 23920 --- [background-preinit] o.s.h.c.j.Jackson2ObjectMapperBuilder    : For Jackson Kotlin classes support please add "com.fasterxml.jackson.module:jackson-module-kotlin" to the classpath
2021-04-19 22:45:00.514  WARN 23920 --- [main] io.undertow.websockets.jsr               : UT026010: Buffer pool was not set on WebSocketDeploymentInfo, the default pool will be used
2021-04-19 22:45:00.549  INFO 23920 --- [main] io.undertow.servlet                      : Initializing Spring embedded WebApplicationContext
2021-04-19 22:45:00.549  INFO 23920 --- [main] o.s.web.context.ContextLoader            : Root WebApplicationContext: initialization completed in 1568 ms
2021-04-19 22:45:01.061  WARN 23920 --- [main] l.server.config.SentryConfiguration      : Turning off sentry
2021-04-19 22:45:01.507  INFO 23920 --- [main] c.s.d.l.tools.GarbageCollectionMonitor   : GC monitoring enabled, reporting results every 2 minutes.
2021-04-19 22:45:01.843  INFO 23920 --- [main] lavalink.server.config.KoeConfiguration  : OS: Windows 10, Arch: amd64
2021-04-19 22:45:01.844  WARN 23920 --- [main] lavalink.server.config.KoeConfiguration  : This system and architecture appears to not support native audio sending! GC pauses may cause your bot to stutter during playback.
2021-04-19 22:45:02.188  INFO 23920 --- [main] o.s.s.concurrent.ThreadPoolTaskExecutor  : Initializing ExecutorService 'applicationTaskExecutor'
2021-04-19 22:45:02.558  INFO 23920 --- [main] org.xnio                                 : XNIO version 3.3.8.Final
2021-04-19 22:45:02.574  INFO 23920 --- [main] org.xnio.nio                             : XNIO NIO Implementation Version 3.3.8.Final
2021-04-19 22:45:02.661  INFO 23920 --- [main] ConditionEvaluationReportLoggingListener : 

Error starting ApplicationContext. To display the conditions report re-run your application with 'debug' enabled.
2021-04-19 22:45:02.664 ERROR 23920 --- [main] lavalink.server.Launcher                 : Application failed

org.springframework.boot.web.server.PortInUseException: Port 6666 is already in use
	at org.springframework.boot.web.embedded.undertow.UndertowServletWebServer.start(UndertowServletWebServer.java:154) ~[spring-boot-2.1.8.RELEASE.jar!/:2.1.8.RELEASE]
	at org.springframework.boot.web.servlet.context.ServletWebServerApplicationContext.startWebServer(ServletWebServerApplicationContext.java:297) ~[spring-boot-2.1.8.RELEASE.jar!/:2.1.8.RELEASE]
	at org.springframework.boot.web.servlet.context.ServletWebServerApplicationContext.finishRefresh(ServletWebServerApplicationContext.java:163) ~[spring-boot-2.1.8.RELEASE.jar!/:2.1.8.RELEASE]
	at org.springframework.context.support.AbstractApplicationContext.refresh(AbstractApplicationContext.java:552) ~[spring-context-5.1.9.RELEASE.jar!/:5.1.9.RELEASE]
	at org.springframework.boot.web.servlet.context.ServletWebServerApplicationContext.refresh(ServletWebServerApplicationContext.java:141) ~[spring-boot-2.1.8.RELEASE.jar!/:2.1.8.RELEASE]
	at org.springframework.boot.SpringApplication.refresh(SpringApplication.java:744) ~[spring-boot-2.1.8.RELEASE.jar!/:2.1.8.RELEASE]
	at org.springframework.boot.SpringApplication.refreshContext(SpringApplication.java:391) ~[spring-boot-2.1.8.RELEASE.jar!/:2.1.8.RELEASE]
	at org.springframework.boot.SpringApplication.run(SpringApplication.java:312) ~[spring-boot-2.1.8.RELEASE.jar!/:2.1.8.RELEASE]
	at lavalink.server.Launcher.main(Launcher.kt:127) ~[classes!/:na]
	at java.base/jdk.internal.reflect.NativeMethodAccessorImpl.invoke0(Native Method) ~[na:na]
	at java.base/jdk.internal.reflect.NativeMethodAccessorImpl.invoke(NativeMethodAccessorImpl.java:78) ~[na:na]
	at java.base/jdk.internal.reflect.DelegatingMethodAccessorImpl.invoke(DelegatingMethodAccessorImpl.java:43) ~[na:na]
	at java.base/java.lang.reflect.Method.invoke(Method.java:567) ~[na:na]
	at org.springframework.boot.loader.MainMethodRunner.run(MainMethodRunner.java:48) ~[Lavalink.jar:na]
	at org.springframework.boot.loader.Launcher.launch(Launcher.java:87) ~[Lavalink.jar:na]
	at org.springframework.boot.loader.Launcher.launch(Launcher.java:51) ~[Lavalink.jar:na]
	at org.springframework.boot.loader.JarLauncher.main(JarLauncher.java:52) ~[Lavalink.jar:na]

2021-04-19 22:45:02.667 ERROR 23920 --- [main] o.s.b.d.LoggingFailureAnalysisReporter   : 

***************************
APPLICATION FAILED TO START
***************************

Description:

Web server failed to start. Port 6666 was already in use.

Action:

Identify and stop the process that's listening on port 6666 or configure this application to listen on another port.

2021-04-19 22:45:02.671  INFO 23920 --- [main] o.s.s.concurrent.ThreadPoolTaskExecutor  : Shutting down ExecutorService 'applicationTaskExecutor'
2021-04-19 22:45:02.672  INFO 23920 --- [main] c.s.d.l.tools.GarbageCollectionMonitor   : GC monitoring disabled.
